0 info it worked if it ends with ok
1 verbose cli [ '/usr/bin/nodejs', '/usr/bin/npm', 'start' ]
2 info using npm@3.5.2
3 info using node@v4.7.2
4 verbose run-script [ 'prestart', 'start', 'poststart' ]
5 info lifecycle byo-yomi@1.0.0~prestart: byo-yomi@1.0.0
6 silly lifecycle byo-yomi@1.0.0~prestart: no script for prestart, continuing
7 info lifecycle byo-yomi@1.0.0~start: byo-yomi@1.0.0
8 verbose lifecycle byo-yomi@1.0.0~start: unsafe-perm in lifecycle true
9 verbose lifecycle byo-yomi@1.0.0~start: PATH: /usr/share/npm/bin/node-gyp-bin:/home/mikkel/git/byo-yomi/node_modules/.bin:/home/mikkel/.local/bin/:/home/mikkel/anaconda3/bin:/home/mikkel/bin:/usr/local/sbin:/usr/local/bin:/usr/sbin:/usr/bin:/sbin:/bin:/usr/games:/usr/local/games:/snap/bin:/usr/lib/jvm/java-8-oracle/bin:/usr/lib/jvm/java-8-oracle/db/bin:/usr/lib/jvm/java-8-oracle/jre/bin:/home/mikkel/.fzf/bin:/bin:/home/mikkel/go/bin
10 verbose lifecycle byo-yomi@1.0.0~start: CWD: /home/mikkel/git/byo-yomi
11 silly lifecycle byo-yomi@1.0.0~start: Args: [ '-c', 'webpack --config webpack.config.js' ]
12 silly lifecycle byo-yomi@1.0.0~start: Returned: code: 1  signal: null
13 info lifecycle byo-yomi@1.0.0~start: Failed to exec start script
14 verbose stack Error: byo-yomi@1.0.0 start: `webpack --config webpack.config.js`
14 verbose stack Exit status 1
14 verbose stack     at EventEmitter.<anonymous> (/usr/share/npm/lib/utils/lifecycle.js:232:16)
14 verbose stack     at emitTwo (events.js:87:13)
14 verbose stack     at EventEmitter.emit (events.js:172:7)
14 verbose stack     at ChildProcess.<anonymous> (/usr/share/npm/lib/utils/spawn.js:24:14)
14 verbose stack     at emitTwo (events.js:87:13)
14 verbose stack     at ChildProcess.emit (events.js:172:7)
14 verbose stack     at maybeClose (internal/child_process.js:854:16)
14 verbose stack     at Process.ChildProcess._handle.onexit (internal/child_process.js:222:5)
15 verbose pkgid byo-yomi@1.0.0
16 verbose cwd /home/mikkel/git/byo-yomi
17 error Linux 4.10.0-33-generic
18 error argv "/usr/bin/nodejs" "/usr/bin/npm" "start"
19 error node v4.7.2
20 error npm  v3.5.2
21 error code ELIFECYCLE
22 error byo-yomi@1.0.0 start: `webpack --config webpack.config.js`
22 error Exit status 1
23 error Failed at the byo-yomi@1.0.0 start script 'webpack --config webpack.config.js'.
23 error Make sure you have the latest version of node.js and npm installed.
23 error If you do, this is most likely a problem with the byo-yomi package,
23 error not with npm itself.
23 error Tell the author that this fails on your system:
23 error     webpack --config webpack.config.js
23 error You can get information on how to open an issue for this project with:
23 error     npm bugs byo-yomi
23 error Or if that isn't available, you can get their info via:
23 error     npm owner ls byo-yomi
23 error There is likely additional logging output above.
24 verbose exit [ 1, true ]
